<?xml version="1.0" encoding="UTF-8"?>
<!-- Generated by org.testng.reporters.JUnitReportReporter -->
<testsuite ignored="0" hostname="Karan-Lenovo" failures="0" tests="1" name="Hclitime.appsearchcount" time="57.168" errors="0" timestamp="16 Aug 2021 01:05:18 GMT" skipped="0">
  <testcase classname="Hclitime.appsearchcount" name="f" time="57.168"/>
</testsuite> <!-- Hclitime.appsearchcount -->
