<?xml version="1.0" encoding="UTF-8"?>
<!-- Generated by org.testng.reporters.JUnitReportReporter -->
<testsuite ignored="0" hostname="Karan-Lenovo" failures="0" tests="1" name="Hclitime.robotclassscreenshot" time="42.170" errors="0" timestamp="16 Aug 2021 01:35:10 GMT" skipped="0">
  <testcase classname="Hclitime.robotclassscreenshot" name="f" time="42.170"/>
</testsuite> <!-- Hclitime.robotclassscreenshot -->
