<?xml version="1.0" encoding="UTF-8"?>
<!-- Generated by org.testng.reporters.JUnitReportReporter -->
<testsuite ignored="0" hostname="Karan-Lenovo" failures="0" tests="1" name="Hclitime.ulselectable" time="13.946" errors="0" timestamp="16 Aug 2021 03:21:50 GMT" skipped="0">
  <testcase classname="Hclitime.ulselectable" name="f" time="13.946"/>
</testsuite> <!-- Hclitime.ulselectable -->
