<?xml version="1.0" encoding="UTF-8"?>
<!-- Generated by org.testng.reporters.JUnitReportReporter -->
<testsuite ignored="0" hostname="Karan-Lenovo" failures="0" tests="1" name="Hclitime.screenshot" time="27.742" errors="0" timestamp="16 Aug 2021 03:44:58 GMT" skipped="0">
  <testcase classname="Hclitime.screenshot" name="f" time="27.742"/>
</testsuite> <!-- Hclitime.screenshot -->
