<?xml version="1.0" encoding="UTF-8"?>
<!-- Generated by org.testng.reporters.JUnitReportReporter -->
<testsuite ignored="0" hostname="Karan-Lenovo" failures="0" tests="1" name="Hclitime.demoautotesting" time="15.793" errors="0" timestamp="16 Aug 2021 02:03:53 GMT" skipped="0">
  <testcase classname="Hclitime.demoautotesting" name="f" time="15.793"/>
</testsuite> <!-- Hclitime.demoautotesting -->
